../data/gae/SM/L3GATv2Conv/ADAM_0.0003/final.csv
../data/gae/SM/L2GatedGraphConv/ADAM_0.0003/final.csv
../data/gae/SM/L2SAGEConv/ADAM_3e-05/final.csv
../data/gae/SM/L3GraphConv/ADAM_3e-05/final.csv
../data/gae/SM/L3GatedGraphConv/ADAM_0.0003/final.csv
../data/gae/SM/L3GCNConv/ADAM_0.0003/final.csv
../data/gae/SM/L2GraphConv/ADAM_3e-05/final.csv
../data/gae/SM/L3SAGEConv/ADAM_0.0003/final.csv
../data/gae/SM/L2GCNConv/ADAM_0.0003/final.csv
../data/gae/SM/L2GATv2Conv/ADAM_3e-05/final.csv
../data/netprop/miss/kirp_sm_miss251_csn_propagated.csv
../data/netprop/miss/kirp_sm_miss251_csn_propagated_nmf.csv
../data/netprop/miss/kirp_sm_miss251_csn_propagated_fpdnmf.csv
../data/netprop/miss/kirp_sm_miss251_csn_propagated_pnmf.csv
../data/netprop/miss/kirp_sm_miss251_csn_propagated_alsnmf.csv
../data/netprop/miss/kirp_sm_miss251_csn_propagated_gnmf.csv
../data/netprop/sm/kirp_sm251_csn_propagated_fpdnmf.csv
../data/netprop/sm/kirp_sm251_csn_propagated_pnmf.csv
../data/netprop/sm/kirp_sm251_csn_propagated_nmf.csv
../data/netprop/sm/kirp_sm251_csn_propagated_alsnmf.csv
../data/netprop/sm/kirp_sm251_csn_propagated_gnmf.csv
../data/netprop/sm/kirp_sm251_csn_propagated.csv
../data/nettybalt/miss/kirp_sm_miss251_csn_propagated_tybalt_fpdnmf.csv
../data/nettybalt/miss/kirp_sm_miss251_csn_propagated_tybalt.csv
../data/nettybalt/miss/kirp_sm_miss251_csn_propagated_tybalt_nmf.csv
../data/nettybalt/miss/kirp_sm_miss251_csn_propagated_tybalt_alsnmf.csv
../data/nettybalt/miss/kirp_sm_miss251_csn_propagated_tybalt_pnmf.csv
../data/nettybalt/miss/kirp_sm_miss251_csn_propagated_tybalt_gnmf.csv
../data/nettybalt/sm/kirp_sm251_csn_propagated_tybalt_gnmf.csv
../data/nettybalt/sm/kirp_sm251_csn_propagated_tybalt_alsnmf.csv
../data/nettybalt/sm/kirp_sm251_csn_propagated_tybalt_pnmf.csv
../data/nettybalt/sm/kirp_sm251_csn_propagated_tybalt_nmf.csv
../data/nettybalt/sm/kirp_sm251_csn_propagated_tybalt_fpdnmf.csv
../data/nettybalt/sm/kirp_sm251_csn_propagated_tybalt.csv
../data/raw/miss/kirp_sm_miss251_pnmf.csv
../data/raw/miss/kirp_sm_miss251_csn.csv
../data/raw/miss/kirp_sm_miss251_500_mad_pnmf.csv
../data/raw/miss/kirp_sm_miss251_csn_alsnmf.csv
../data/raw/miss/kirp_sm_miss251_500_mad_fpdnmf.csv
../data/raw/miss/kirp_sm_miss251_500_mad_nmf.csv
../data/raw/miss/kirp_sm_miss251_500_mad.csv
../data/raw/miss/kirp_sm_miss251.csv
../data/raw/miss/kirp_sm_miss251_alsnmf.csv
../data/raw/miss/kirp_sm_miss251_500_mad_alsnmf.csv
../data/raw/miss/kirp_sm_miss251_gnmf.csv
../data/raw/miss/kirp_sm_miss251_csn_gnmf.csv
../data/raw/miss/kirp_sm_miss251_500_mad_gnmf.csv
../data/raw/miss/kirp_sm_miss251_nmf.csv
../data/raw/miss/kirp_sm_miss251_csn_fpdnmf.csv
../data/raw/miss/kirp_sm_miss251_csn_nmf.csv
../data/raw/miss/kirp_sm_miss251_csn_pnmf.csv
../data/raw/miss/kirp_sm_miss251_fpdnmf.csv
../data/raw/sm/kirp_sm251_csn_pnmf.csv
../data/raw/sm/kirp_sm251_csn_alsnmf.csv
../data/raw/sm/kirp_sm251_fpdnmf.csv
../data/raw/sm/kirp_sm251_csn_fpdnmf.csv
../data/raw/sm/kirp_sm251_csn_nmf.csv
../data/raw/sm/kirp_sm251_alsnmf.csv
../data/raw/sm/kirp_sm251_500_mad_pnmf.csv
../data/raw/sm/kirp_sm251_gnmf.csv
../data/raw/sm/kirp_sm251_pnmf.csv
../data/raw/sm/kirp_sm251_500_mad.csv
../data/raw/sm/.ipynb_checkpoints/kirp_sm251_nmf-checkpoint.csv
../data/raw/sm/kirp_sm251_nmf.csv
../data/raw/sm/kirp_sm251_500_mad_gnmf.csv
../data/raw/sm/kirp_sm251_csn_gnmf.csv
../data/raw/sm/kirp_sm251_csn.csv
../data/raw/sm/kirp_sm251_500_mad_nmf.csv
../data/raw/sm/kirp_sm251_500_mad_fpdnmf.csv
../data/raw/sm/kirp_sm251_500_mad_alsnmf.csv
../data/raw/sm/kirp_sm251.csv
../data/tybalt/miss/kirp_sm_miss251_csn_tybalt.csv
../data/tybalt/miss/kirp_sm_miss251_500_mad_tybalt.csv
../data/tybalt/miss/kirp_sm_miss251_tybalt.csv
../data/tybalt/sm/kirp_sm251_csn_tybalt_pnmf.csv
../data/tybalt/sm/kirp_sm251_csn_tybalt_nmf.csv
../data/tybalt/sm/kirp_sm251_tybalt.csv
../data/tybalt/sm/kirp_sm251_500_mad_tybalt_pnmf.csv
../data/tybalt/sm/kirp_sm251_csn_tybalt_alsnmf.csv
../data/tybalt/sm/kirp_sm251_500_mad_tybalt.csv
../data/tybalt/sm/kirp_sm251_500_mad_tybalt_alsnmf.csv
../data/tybalt/sm/kirp_sm251_tybalt_nmf.csv
../data/tybalt/sm/kirp_sm251_csn_tybalt_fpdnmf.csv
../data/tybalt/sm/kirp_sm251_csn_tybalt_gnmf.csv
../data/tybalt/sm/kirp_sm251_csn_tybalt.csv
../data/tybalt/sm/kirp_sm251_tybalt_pnmf.csv
../data/tybalt/sm/kirp_sm251_500_mad_tybalt_nmf.csv
../data/tybalt/sm/kirp_sm251_500_mad_tybalt_gnmf.csv
../data/tybalt/sm/kirp_sm251_tybalt_gnmf.csv
../data/tybalt/sm/kirp_sm251_500_mad_tybalt_fpdnmf.csv
../data/tybalt/sm/kirp_sm251_tybalt_fpdnmf.csv
../data/tybalt/sm/kirp_sm251_tybalt_alsnmf.csv
